<?xml version="1.0" encoding="UTF-8"?>
<coverage generated="1770128260684" clover="3.2.0">
  <project timestamp="1770128260684" name="All files">
    <metrics statements="134" coveredstatements="126" conditionals="88" coveredconditionals="66" methods="33" coveredmethods="25" elements="255" coveredelements="217" complexity="0" loc="134" ncloc="134" packages="8" files="12" classes="12"/>
    <package name="src">
      <metrics statements="9" coveredstatements="9" conditionals="4" coveredconditionals="3" methods="3" coveredmethods="3"/>
      <file name="app.controller.ts" path="C:\Users\tom26\OneDrive\Documents\IUT INFO\2. Cours BUT 3\dev-avance-tp\realtime-elo-ranker-master\apps\realtime-elo-ranker-server\src\app.controller.ts">
        <metrics statements="6" coveredstatements="6" conditionals="4" coveredconditionals="3" methods="2" coveredmethods="2"/>
        <line num="1" count="1" type="stmt"/>
        <line num="2" count="1" type="stmt"/>
        <line num="5" count="1" type="stmt"/>
        <line num="6" count="1" type="cond" truecount="3" falsecount="1"/>
        <line num="9" count="1" type="stmt"/>
        <line num="10" count="1" type="stmt"/>
      </file>
      <file name="app.service.ts" path="C:\Users\tom26\OneDrive\Documents\IUT INFO\2. Cours BUT 3\dev-avance-tp\realtime-elo-ranker-master\apps\realtime-elo-ranker-server\src\app.service.ts">
        <metrics statements="3" coveredstatements="3" conditionals="0" coveredconditionals="0" methods="1" coveredmethods="1"/>
        <line num="1" count="1" type="stmt"/>
        <line num="4" count="1" type="stmt"/>
        <line num="6" count="1" type="stmt"/>
      </file>
    </package>
    <package name="src.match">
      <metrics statements="46" coveredstatements="43" conditionals="32" coveredconditionals="24" methods="8" coveredmethods="5"/>
      <file name="match.controller.ts" path="C:\Users\tom26\OneDrive\Documents\IUT INFO\2. Cours BUT 3\dev-avance-tp\realtime-elo-ranker-master\apps\realtime-elo-ranker-server\src\match\match.controller.ts">
        <metrics statements="12" coveredstatements="11" conditionals="8" coveredconditionals="6" methods="4" coveredmethods="3"/>
        <line num="1" count="1" type="stmt"/>
        <line num="2" count="1" type="stmt"/>
        <line num="3" count="1" type="stmt"/>
        <line num="4" count="1" type="stmt"/>
        <line num="8" count="1" type="stmt"/>
        <line num="9" count="3" type="cond" truecount="3" falsecount="1"/>
        <line num="17" count="1" type="cond" truecount="3" falsecount="1"/>
        <line num="18" count="0" type="stmt"/>
        <line num="25" count="1" type="stmt"/>
        <line num="26" count="1" type="stmt"/>
        <line num="33" count="1" type="stmt"/>
        <line num="34" count="1" type="stmt"/>
      </file>
      <file name="match.service.ts" path="C:\Users\tom26\OneDrive\Documents\IUT INFO\2. Cours BUT 3\dev-avance-tp\realtime-elo-ranker-master\apps\realtime-elo-ranker-server\src\match\match.service.ts">
        <metrics statements="34" coveredstatements="32" conditionals="24" coveredconditionals="18" methods="4" coveredmethods="2"/>
        <line num="1" count="2" type="stmt"/>
        <line num="2" count="2" type="stmt"/>
        <line num="3" count="2" type="stmt"/>
        <line num="4" count="2" type="stmt"/>
        <line num="5" count="2" type="stmt"/>
        <line num="6" count="2" type="stmt"/>
        <line num="8" count="2" type="stmt"/>
        <line num="11" count="2" type="stmt"/>
        <line num="14" count="3" type="cond" truecount="6" falsecount="2"/>
        <line num="15" count="3" type="cond" truecount="3" falsecount="1"/>
        <line num="16" count="3" type="cond" truecount="3" falsecount="1"/>
        <line num="17" count="3" type="stmt"/>
        <line num="21" count="3" type="stmt"/>
        <line num="23" count="3" type="stmt"/>
        <line num="24" count="3" type="stmt"/>
        <line num="26" count="3" type="cond" truecount="4" falsecount="0"/>
        <line num="27" count="1" type="stmt"/>
        <line num="31" count="2" type="stmt"/>
        <line num="33" count="2" type="stmt"/>
        <line num="34" count="2" type="stmt"/>
        <line num="36" count="2" type="cond" truecount="1" falsecount="1"/>
        <line num="37" count="2" type="cond" truecount="1" falsecount="1"/>
        <line num="39" count="2" type="stmt"/>
        <line num="42" count="2" type="stmt"/>
        <line num="46" count="2" type="stmt"/>
        <line num="47" count="2" type="stmt"/>
        <line num="49" count="2" type="stmt"/>
        <line num="54" count="2" type="stmt"/>
        <line num="56" count="2" type="stmt"/>
        <line num="58" count="2" type="stmt"/>
        <line num="62" count="2" type="stmt"/>
        <line num="67" count="2" type="stmt"/>
        <line num="71" count="0" type="stmt"/>
        <line num="78" count="0" type="stmt"/>
      </file>
    </package>
    <package name="src.match.dto">
      <metrics statements="6" coveredstatements="6" conditionals="0" coveredconditionals="0" methods="0" coveredmethods="0"/>
      <file name="create-match.dto.ts" path="C:\Users\tom26\OneDrive\Documents\IUT INFO\2. Cours BUT 3\dev-avance-tp\realtime-elo-ranker-master\apps\realtime-elo-ranker-server\src\match\dto\create-match.dto.ts">
        <metrics statements="6" coveredstatements="6" conditionals="0" coveredconditionals="0" methods="0" coveredmethods="0"/>
        <line num="1" count="1" type="stmt"/>
        <line num="2" count="1" type="stmt"/>
        <line num="4" count="1" type="stmt"/>
        <line num="10" count="1" type="stmt"/>
        <line num="17" count="1" type="stmt"/>
        <line num="25" count="1" type="stmt"/>
      </file>
    </package>
    <package name="src.match.entities">
      <metrics statements="9" coveredstatements="7" conditionals="12" coveredconditionals="9" methods="2" coveredmethods="0"/>
      <file name="match.entity.ts" path="C:\Users\tom26\OneDrive\Documents\IUT INFO\2. Cours BUT 3\dev-avance-tp\realtime-elo-ranker-master\apps\realtime-elo-ranker-server\src\match\entities\match.entity.ts">
        <metrics statements="9" coveredstatements="7" conditionals="12" coveredconditionals="9" methods="2" coveredmethods="0"/>
        <line num="1" count="2" type="stmt"/>
        <line num="2" count="2" type="stmt"/>
        <line num="5" count="2" type="stmt"/>
        <line num="7" count="2" type="stmt"/>
        <line num="10" count="2" type="cond" truecount="3" falsecount="1"/>
        <line num="12" count="0" type="stmt"/>
        <line num="13" count="2" type="cond" truecount="3" falsecount="1"/>
        <line num="15" count="0" type="stmt"/>
        <line num="16" count="2" type="cond" truecount="3" falsecount="1"/>
      </file>
    </package>
    <package name="src.player">
      <metrics statements="28" coveredstatements="27" conditionals="16" coveredconditionals="12" methods="9" coveredmethods="8"/>
      <file name="player.controller.ts" path="C:\Users\tom26\OneDrive\Documents\IUT INFO\2. Cours BUT 3\dev-avance-tp\realtime-elo-ranker-master\apps\realtime-elo-ranker-server\src\player\player.controller.ts">
        <metrics statements="12" coveredstatements="11" conditionals="8" coveredconditionals="6" methods="4" coveredmethods="3"/>
        <line num="1" count="1" type="stmt"/>
        <line num="2" count="1" type="stmt"/>
        <line num="3" count="1" type="stmt"/>
        <line num="4" count="1" type="stmt"/>
        <line num="8" count="1" type="stmt"/>
        <line num="9" count="3" type="cond" truecount="3" falsecount="1"/>
        <line num="17" count="1" type="cond" truecount="3" falsecount="1"/>
        <line num="18" count="0" type="stmt"/>
        <line num="25" count="1" type="stmt"/>
        <line num="26" count="1" type="stmt"/>
        <line num="33" count="1" type="stmt"/>
        <line num="34" count="1" type="stmt"/>
      </file>
      <file name="player.service.ts" path="C:\Users\tom26\OneDrive\Documents\IUT INFO\2. Cours BUT 3\dev-avance-tp\realtime-elo-ranker-master\apps\realtime-elo-ranker-server\src\player\player.service.ts">
        <metrics statements="16" coveredstatements="16" conditionals="8" coveredconditionals="6" methods="5" coveredmethods="5"/>
        <line num="1" count="6" type="stmt"/>
        <line num="2" count="6" type="stmt"/>
        <line num="3" count="6" type="stmt"/>
        <line num="4" count="6" type="stmt"/>
        <line num="5" count="6" type="stmt"/>
        <line num="9" count="6" type="stmt"/>
        <line num="12" count="4" type="cond" truecount="6" falsecount="2"/>
        <line num="13" count="4" type="stmt"/>
        <line num="17" count="1" type="stmt"/>
        <line num="21" count="1" type="stmt"/>
        <line num="22" count="1" type="stmt"/>
        <line num="24" count="1" type="stmt"/>
        <line num="28" count="1" type="stmt"/>
        <line num="32" count="2" type="stmt"/>
        <line num="36" count="1" type="stmt"/>
        <line num="37" count="1" type="stmt"/>
      </file>
    </package>
    <package name="src.player.dto">
      <metrics statements="4" coveredstatements="4" conditionals="0" coveredconditionals="0" methods="0" coveredmethods="0"/>
      <file name="create-player.dto.ts" path="C:\Users\tom26\OneDrive\Documents\IUT INFO\2. Cours BUT 3\dev-avance-tp\realtime-elo-ranker-master\apps\realtime-elo-ranker-server\src\player\dto\create-player.dto.ts">
        <metrics statements="4" coveredstatements="4" conditionals="0" coveredconditionals="0" methods="0" coveredmethods="0"/>
        <line num="1" count="1" type="stmt"/>
        <line num="2" count="1" type="stmt"/>
        <line num="4" count="1" type="stmt"/>
        <line num="11" count="1" type="stmt"/>
      </file>
    </package>
    <package name="src.player.entities">
      <metrics statements="4" coveredstatements="4" conditionals="0" coveredconditionals="0" methods="0" coveredmethods="0"/>
      <file name="player.entity.ts" path="C:\Users\tom26\OneDrive\Documents\IUT INFO\2. Cours BUT 3\dev-avance-tp\realtime-elo-ranker-master\apps\realtime-elo-ranker-server\src\player\entities\player.entity.ts">
        <metrics statements="4" coveredstatements="4" conditionals="0" coveredconditionals="0" methods="0" coveredmethods="0"/>
        <line num="1" count="6" type="stmt"/>
        <line num="4" count="6" type="stmt"/>
        <line num="6" count="6" type="stmt"/>
        <line num="8" count="6" type="stmt"/>
      </file>
    </package>
    <package name="src.ranking">
      <metrics statements="28" coveredstatements="26" conditionals="24" coveredconditionals="18" methods="11" coveredmethods="9"/>
      <file name="ranking.controller.ts" path="C:\Users\tom26\OneDrive\Documents\IUT INFO\2. Cours BUT 3\dev-avance-tp\realtime-elo-ranker-master\apps\realtime-elo-ranker-server\src\ranking\ranking.controller.ts">
        <metrics statements="13" coveredstatements="12" conditionals="12" coveredconditionals="9" methods="5" coveredmethods="4"/>
        <line num="1" count="2" type="stmt"/>
        <line num="2" count="2" type="stmt"/>
        <line num="3" count="2" type="stmt"/>
        <line num="4" count="2" type="stmt"/>
        <line num="5" count="2" type="stmt"/>
        <line num="9" count="2" type="stmt"/>
        <line num="11" count="5" type="cond" truecount="6" falsecount="2"/>
        <line num="12" count="5" type="stmt"/>
        <line num="17" count="2" type="stmt"/>
        <line num="18" count="1" type="stmt"/>
        <line num="26" count="2" type="cond" truecount="3" falsecount="1"/>
        <line num="27" count="1" type="stmt"/>
        <line num="29" count="0" type="stmt"/>
      </file>
      <file name="ranking.service.ts" path="C:\Users\tom26\OneDrive\Documents\IUT INFO\2. Cours BUT 3\dev-avance-tp\realtime-elo-ranker-master\apps\realtime-elo-ranker-server\src\ranking\ranking.service.ts">
        <metrics statements="15" coveredstatements="14" conditionals="12" coveredconditionals="9" methods="6" coveredmethods="5"/>
        <line num="1" count="4" type="stmt"/>
        <line num="2" count="4" type="stmt"/>
        <line num="3" count="4" type="stmt"/>
        <line num="4" count="4" type="stmt"/>
        <line num="7" count="4" type="stmt"/>
        <line num="8" count="5" type="stmt"/>
        <line num="11" count="5" type="cond" truecount="6" falsecount="2"/>
        <line num="12" count="5" type="stmt"/>
        <line num="16" count="0" type="stmt"/>
        <line num="20" count="3" type="stmt"/>
        <line num="21" count="3" type="stmt"/>
        <line num="25" count="2" type="stmt"/>
        <line num="29" count="4" type="cond" truecount="3" falsecount="1"/>
        <line num="30" count="1" type="stmt"/>
        <line num="31" count="1" type="stmt"/>
      </file>
    </package>
  </project>
</coverage>
