<?xml version="1.0" encoding="UTF-8"?>
<coverage generated="1769517988606" clover="3.2.0">
  <project timestamp="1769517988606" name="All files">
    <metrics statements="179" coveredstatements="104" conditionals="88" coveredconditionals="65" methods="34" coveredmethods="10" elements="301" coveredelements="179" complexity="0" loc="179" ncloc="179" packages="8" files="19" classes="19"/>
    <package name="src">
      <metrics statements="31" coveredstatements="9" conditionals="4" coveredconditionals="3" methods="4" coveredmethods="3"/>
      <file name="app.controller.ts" path="C:\Users\tom26\OneDrive\Documents\IUT INFO\2. Cours BUT 3\dev-avance-tp\realtime-elo-ranker-master\apps\realtime-elo-ranker-server\src\app.controller.ts">
        <metrics statements="6" coveredstatements="6" conditionals="4" coveredconditionals="3" methods="2" coveredmethods="2"/>
        <line num="1" count="1" type="stmt"/>
        <line num="2" count="1" type="stmt"/>
        <line num="5" count="1" type="stmt"/>
        <line num="6" count="1" type="cond" truecount="3" falsecount="1"/>
        <line num="9" count="1" type="stmt"/>
        <line num="10" count="1" type="stmt"/>
      </file>
      <file name="app.module.ts" path="C:\Users\tom26\OneDrive\Documents\IUT INFO\2. Cours BUT 3\dev-avance-tp\realtime-elo-ranker-master\apps\realtime-elo-ranker-server\src\app.module.ts">
        <metrics statements="9" coveredstatements="0" conditionals="0" coveredconditionals="0" methods="0" coveredmethods="0"/>
        <line num="1" count="0" type="stmt"/>
        <line num="2" count="0" type="stmt"/>
        <line num="3" count="0" type="stmt"/>
        <line num="4" count="0" type="stmt"/>
        <line num="5" count="0" type="stmt"/>
        <line num="6" count="0" type="stmt"/>
        <line num="7" count="0" type="stmt"/>
        <line num="8" count="0" type="stmt"/>
        <line num="27" count="0" type="stmt"/>
      </file>
      <file name="app.service.ts" path="C:\Users\tom26\OneDrive\Documents\IUT INFO\2. Cours BUT 3\dev-avance-tp\realtime-elo-ranker-master\apps\realtime-elo-ranker-server\src\app.service.ts">
        <metrics statements="3" coveredstatements="3" conditionals="0" coveredconditionals="0" methods="1" coveredmethods="1"/>
        <line num="1" count="1" type="stmt"/>
        <line num="4" count="1" type="stmt"/>
        <line num="6" count="1" type="stmt"/>
      </file>
      <file name="main.ts" path="C:\Users\tom26\OneDrive\Documents\IUT INFO\2. Cours BUT 3\dev-avance-tp\realtime-elo-ranker-master\apps\realtime-elo-ranker-server\src\main.ts">
        <metrics statements="13" coveredstatements="0" conditionals="0" coveredconditionals="0" methods="1" coveredmethods="0"/>
        <line num="1" count="0" type="stmt"/>
        <line num="2" count="0" type="stmt"/>
        <line num="3" count="0" type="stmt"/>
        <line num="4" count="0" type="stmt"/>
        <line num="7" count="0" type="stmt"/>
        <line num="9" count="0" type="stmt"/>
        <line num="10" count="0" type="stmt"/>
        <line num="12" count="0" type="stmt"/>
        <line num="14" count="0" type="stmt"/>
        <line num="19" count="0" type="stmt"/>
        <line num="20" count="0" type="stmt"/>
        <line num="22" count="0" type="stmt"/>
        <line num="24" count="0" type="stmt"/>
      </file>
    </package>
    <package name="src.match">
      <metrics statements="53" coveredstatements="38" conditionals="32" coveredconditionals="23" methods="8" coveredmethods="2"/>
      <file name="match.controller.ts" path="C:\Users\tom26\OneDrive\Documents\IUT INFO\2. Cours BUT 3\dev-avance-tp\realtime-elo-ranker-master\apps\realtime-elo-ranker-server\src\match\match.controller.ts">
        <metrics statements="11" coveredstatements="7" conditionals="8" coveredconditionals="6" methods="4" coveredmethods="0"/>
        <line num="1" count="1" type="stmt"/>
        <line num="2" count="1" type="stmt"/>
        <line num="3" count="1" type="stmt"/>
        <line num="6" count="1" type="stmt"/>
        <line num="7" count="0" type="cond" truecount="3" falsecount="1"/>
        <line num="10" count="1" type="cond" truecount="3" falsecount="1"/>
        <line num="11" count="0" type="stmt"/>
        <line num="15" count="1" type="stmt"/>
        <line num="16" count="0" type="stmt"/>
        <line num="20" count="1" type="stmt"/>
        <line num="21" count="0" type="stmt"/>
      </file>
      <file name="match.module.ts" path="C:\Users\tom26\OneDrive\Documents\IUT INFO\2. Cours BUT 3\dev-avance-tp\realtime-elo-ranker-master\apps\realtime-elo-ranker-server\src\match\match.module.ts">
        <metrics statements="8" coveredstatements="0" conditionals="0" coveredconditionals="0" methods="0" coveredmethods="0"/>
        <line num="1" count="0" type="stmt"/>
        <line num="2" count="0" type="stmt"/>
        <line num="3" count="0" type="stmt"/>
        <line num="4" count="0" type="stmt"/>
        <line num="5" count="0" type="stmt"/>
        <line num="6" count="0" type="stmt"/>
        <line num="7" count="0" type="stmt"/>
        <line num="14" count="0" type="stmt"/>
      </file>
      <file name="match.service.ts" path="C:\Users\tom26\OneDrive\Documents\IUT INFO\2. Cours BUT 3\dev-avance-tp\realtime-elo-ranker-master\apps\realtime-elo-ranker-server\src\match\match.service.ts">
        <metrics statements="34" coveredstatements="31" conditionals="24" coveredconditionals="17" methods="4" coveredmethods="2"/>
        <line num="1" count="2" type="stmt"/>
        <line num="2" count="2" type="stmt"/>
        <line num="3" count="2" type="stmt"/>
        <line num="4" count="2" type="stmt"/>
        <line num="5" count="2" type="stmt"/>
        <line num="6" count="2" type="stmt"/>
        <line num="8" count="2" type="stmt"/>
        <line num="11" count="2" type="stmt"/>
        <line num="14" count="1" type="cond" truecount="6" falsecount="2"/>
        <line num="15" count="1" type="cond" truecount="3" falsecount="1"/>
        <line num="16" count="1" type="cond" truecount="3" falsecount="1"/>
        <line num="17" count="1" type="stmt"/>
        <line num="21" count="1" type="stmt"/>
        <line num="23" count="1" type="stmt"/>
        <line num="24" count="1" type="stmt"/>
        <line num="26" count="1" type="cond" truecount="3" falsecount="1"/>
        <line num="27" count="0" type="stmt"/>
        <line num="31" count="1" type="stmt"/>
        <line num="33" count="1" type="stmt"/>
        <line num="34" count="1" type="stmt"/>
        <line num="36" count="1" type="cond" truecount="1" falsecount="1"/>
        <line num="37" count="1" type="cond" truecount="1" falsecount="1"/>
        <line num="39" count="1" type="stmt"/>
        <line num="42" count="1" type="stmt"/>
        <line num="46" count="1" type="stmt"/>
        <line num="47" count="1" type="stmt"/>
        <line num="49" count="1" type="stmt"/>
        <line num="54" count="1" type="stmt"/>
        <line num="56" count="1" type="stmt"/>
        <line num="58" count="1" type="stmt"/>
        <line num="62" count="1" type="stmt"/>
        <line num="67" count="1" type="stmt"/>
        <line num="71" count="0" type="stmt"/>
        <line num="78" count="0" type="stmt"/>
      </file>
    </package>
    <package name="src.match.dto">
      <metrics statements="9" coveredstatements="6" conditionals="0" coveredconditionals="0" methods="0" coveredmethods="0"/>
      <file name="create-match.dto.ts" path="C:\Users\tom26\OneDrive\Documents\IUT INFO\2. Cours BUT 3\dev-avance-tp\realtime-elo-ranker-master\apps\realtime-elo-ranker-server\src\match\dto\create-match.dto.ts">
        <metrics statements="6" coveredstatements="6" conditionals="0" coveredconditionals="0" methods="0" coveredmethods="0"/>
        <line num="1" count="1" type="stmt"/>
        <line num="2" count="1" type="stmt"/>
        <line num="4" count="1" type="stmt"/>
        <line num="7" count="1" type="stmt"/>
        <line num="11" count="1" type="stmt"/>
        <line num="16" count="1" type="stmt"/>
      </file>
      <file name="update-match.dto.ts" path="C:\Users\tom26\OneDrive\Documents\IUT INFO\2. Cours BUT 3\dev-avance-tp\realtime-elo-ranker-master\apps\realtime-elo-ranker-server\src\match\dto\update-match.dto.ts">
        <metrics statements="3" coveredstatements="0" conditionals="0" coveredconditionals="0" methods="0" coveredmethods="0"/>
        <line num="1" count="0" type="stmt"/>
        <line num="2" count="0" type="stmt"/>
        <line num="4" count="0" type="stmt"/>
      </file>
    </package>
    <package name="src.match.entities">
      <metrics statements="9" coveredstatements="7" conditionals="12" coveredconditionals="9" methods="2" coveredmethods="0"/>
      <file name="match.entity.ts" path="C:\Users\tom26\OneDrive\Documents\IUT INFO\2. Cours BUT 3\dev-avance-tp\realtime-elo-ranker-master\apps\realtime-elo-ranker-server\src\match\entities\match.entity.ts">
        <metrics statements="9" coveredstatements="7" conditionals="12" coveredconditionals="9" methods="2" coveredmethods="0"/>
        <line num="1" count="2" type="stmt"/>
        <line num="2" count="2" type="stmt"/>
        <line num="5" count="2" type="stmt"/>
        <line num="7" count="2" type="stmt"/>
        <line num="10" count="2" type="cond" truecount="3" falsecount="1"/>
        <line num="12" count="0" type="stmt"/>
        <line num="13" count="2" type="cond" truecount="3" falsecount="1"/>
        <line num="15" count="0" type="stmt"/>
        <line num="16" count="2" type="cond" truecount="3" falsecount="1"/>
      </file>
    </package>
    <package name="src.player">
      <metrics statements="33" coveredstatements="19" conditionals="16" coveredconditionals="12" methods="9" coveredmethods="2"/>
      <file name="player.controller.ts" path="C:\Users\tom26\OneDrive\Documents\IUT INFO\2. Cours BUT 3\dev-avance-tp\realtime-elo-ranker-master\apps\realtime-elo-ranker-server\src\player\player.controller.ts">
        <metrics statements="11" coveredstatements="7" conditionals="8" coveredconditionals="6" methods="4" coveredmethods="0"/>
        <line num="1" count="1" type="stmt"/>
        <line num="2" count="1" type="stmt"/>
        <line num="3" count="1" type="stmt"/>
        <line num="6" count="1" type="stmt"/>
        <line num="7" count="0" type="cond" truecount="3" falsecount="1"/>
        <line num="10" count="1" type="cond" truecount="3" falsecount="1"/>
        <line num="11" count="0" type="stmt"/>
        <line num="15" count="1" type="stmt"/>
        <line num="16" count="0" type="stmt"/>
        <line num="20" count="1" type="stmt"/>
        <line num="21" count="0" type="stmt"/>
      </file>
      <file name="player.module.ts" path="C:\Users\tom26\OneDrive\Documents\IUT INFO\2. Cours BUT 3\dev-avance-tp\realtime-elo-ranker-master\apps\realtime-elo-ranker-server\src\player\player.module.ts">
        <metrics statements="6" coveredstatements="0" conditionals="0" coveredconditionals="0" methods="0" coveredmethods="0"/>
        <line num="1" count="0" type="stmt"/>
        <line num="2" count="0" type="stmt"/>
        <line num="3" count="0" type="stmt"/>
        <line num="4" count="0" type="stmt"/>
        <line num="5" count="0" type="stmt"/>
        <line num="13" count="0" type="stmt"/>
      </file>
      <file name="player.service.ts" path="C:\Users\tom26\OneDrive\Documents\IUT INFO\2. Cours BUT 3\dev-avance-tp\realtime-elo-ranker-master\apps\realtime-elo-ranker-server\src\player\player.service.ts">
        <metrics statements="16" coveredstatements="12" conditionals="8" coveredconditionals="6" methods="5" coveredmethods="2"/>
        <line num="1" count="6" type="stmt"/>
        <line num="2" count="6" type="stmt"/>
        <line num="3" count="6" type="stmt"/>
        <line num="4" count="6" type="stmt"/>
        <line num="5" count="6" type="stmt"/>
        <line num="9" count="6" type="stmt"/>
        <line num="12" count="1" type="cond" truecount="6" falsecount="2"/>
        <line num="13" count="1" type="stmt"/>
        <line num="17" count="1" type="stmt"/>
        <line num="21" count="1" type="stmt"/>
        <line num="22" count="1" type="stmt"/>
        <line num="24" count="1" type="stmt"/>
        <line num="28" count="0" type="stmt"/>
        <line num="32" count="0" type="stmt"/>
        <line num="36" count="0" type="stmt"/>
        <line num="37" count="0" type="stmt"/>
      </file>
    </package>
    <package name="src.player.dto">
      <metrics statements="7" coveredstatements="4" conditionals="0" coveredconditionals="0" methods="0" coveredmethods="0"/>
      <file name="create-player.dto.ts" path="C:\Users\tom26\OneDrive\Documents\IUT INFO\2. Cours BUT 3\dev-avance-tp\realtime-elo-ranker-master\apps\realtime-elo-ranker-server\src\player\dto\create-player.dto.ts">
        <metrics statements="4" coveredstatements="4" conditionals="0" coveredconditionals="0" methods="0" coveredmethods="0"/>
        <line num="1" count="1" type="stmt"/>
        <line num="2" count="1" type="stmt"/>
        <line num="4" count="1" type="stmt"/>
        <line num="8" count="1" type="stmt"/>
      </file>
      <file name="update-player.dto.ts" path="C:\Users\tom26\OneDrive\Documents\IUT INFO\2. Cours BUT 3\dev-avance-tp\realtime-elo-ranker-master\apps\realtime-elo-ranker-server\src\player\dto\update-player.dto.ts">
        <metrics statements="3" coveredstatements="0" conditionals="0" coveredconditionals="0" methods="0" coveredmethods="0"/>
        <line num="1" count="0" type="stmt"/>
        <line num="2" count="0" type="stmt"/>
        <line num="4" count="0" type="stmt"/>
      </file>
    </package>
    <package name="src.player.entities">
      <metrics statements="4" coveredstatements="4" conditionals="0" coveredconditionals="0" methods="0" coveredmethods="0"/>
      <file name="player.entity.ts" path="C:\Users\tom26\OneDrive\Documents\IUT INFO\2. Cours BUT 3\dev-avance-tp\realtime-elo-ranker-master\apps\realtime-elo-ranker-server\src\player\entities\player.entity.ts">
        <metrics statements="4" coveredstatements="4" conditionals="0" coveredconditionals="0" methods="0" coveredmethods="0"/>
        <line num="1" count="6" type="stmt"/>
        <line num="4" count="6" type="stmt"/>
        <line num="6" count="6" type="stmt"/>
        <line num="8" count="6" type="stmt"/>
      </file>
    </package>
    <package name="src.ranking">
      <metrics statements="33" coveredstatements="17" conditionals="24" coveredconditionals="18" methods="11" coveredmethods="3"/>
      <file name="ranking.controller.ts" path="C:\Users\tom26\OneDrive\Documents\IUT INFO\2. Cours BUT 3\dev-avance-tp\realtime-elo-ranker-master\apps\realtime-elo-ranker-server\src\ranking\ranking.controller.ts">
        <metrics statements="13" coveredstatements="11" conditionals="12" coveredconditionals="9" methods="5" coveredmethods="3"/>
        <line num="1" count="2" type="stmt"/>
        <line num="2" count="2" type="stmt"/>
        <line num="3" count="2" type="stmt"/>
        <line num="4" count="2" type="stmt"/>
        <line num="5" count="2" type="stmt"/>
        <line num="9" count="2" type="stmt"/>
        <line num="11" count="1" type="cond" truecount="6" falsecount="2"/>
        <line num="12" count="1" type="stmt"/>
        <line num="17" count="2" type="stmt"/>
        <line num="18" count="1" type="stmt"/>
        <line num="26" count="2" type="cond" truecount="3" falsecount="1"/>
        <line num="27" count="0" type="stmt"/>
        <line num="29" count="0" type="stmt"/>
      </file>
      <file name="ranking.module.ts" path="C:\Users\tom26\OneDrive\Documents\IUT INFO\2. Cours BUT 3\dev-avance-tp\realtime-elo-ranker-master\apps\realtime-elo-ranker-server\src\ranking\ranking.module.ts">
        <metrics statements="5" coveredstatements="0" conditionals="0" coveredconditionals="0" methods="0" coveredmethods="0"/>
        <line num="1" count="0" type="stmt"/>
        <line num="2" count="0" type="stmt"/>
        <line num="3" count="0" type="stmt"/>
        <line num="4" count="0" type="stmt"/>
        <line num="12" count="0" type="stmt"/>
      </file>
      <file name="ranking.service.ts" path="C:\Users\tom26\OneDrive\Documents\IUT INFO\2. Cours BUT 3\dev-avance-tp\realtime-elo-ranker-master\apps\realtime-elo-ranker-server\src\ranking\ranking.service.ts">
        <metrics statements="15" coveredstatements="6" conditionals="12" coveredconditionals="9" methods="6" coveredmethods="0"/>
        <line num="1" count="4" type="stmt"/>
        <line num="2" count="4" type="stmt"/>
        <line num="3" count="4" type="stmt"/>
        <line num="4" count="4" type="stmt"/>
        <line num="7" count="4" type="stmt"/>
        <line num="8" count="0" type="stmt"/>
        <line num="11" count="0" type="cond" truecount="6" falsecount="2"/>
        <line num="12" count="0" type="stmt"/>
        <line num="16" count="0" type="stmt"/>
        <line num="20" count="0" type="stmt"/>
        <line num="21" count="0" type="stmt"/>
        <line num="25" count="0" type="stmt"/>
        <line num="29" count="4" type="cond" truecount="3" falsecount="1"/>
        <line num="30" count="0" type="stmt"/>
        <line num="31" count="0" type="stmt"/>
      </file>
    </package>
  </project>
</coverage>
