{"C:\\Users\\tom26\\OneDrive\\Documents\\IUT INFO\\2. Cours BUT 3\\dev-avance-tp\\realtime-elo-ranker-master\\apps\\realtime-elo-ranker-server\\src\\app.controller.ts": {"path":"C:\\Users\\tom26\\OneDrive\\Documents\\IUT INFO\\2. Cours BUT 3\\dev-avance-tp\\realtime-elo-ranker-master\\apps\\realtime-elo-ranker-server\\src\\app.controller.ts","statementMap":{"0":{"start":{"line":1,"column":0},"end":{"line":1,"column":49}},"1":{"start":{"line":2,"column":0},"end":{"line":2,"column":43}},"2":{"start":{"line":5,"column":7},"end":{"line":12,"column":null}},"3":{"start":{"line":6,"column":31},"end":{"line":6,"column":43}},"4":{"start":{"line":10,"column":4},"end":{"line":10,"column":38}},"5":{"start":{"line":5,"column":13},"end":{"line":5,"column":26}},"6":{"start":{"line":9,"column":2},"end":{"line":11,"column":null}},"7":{"start":{"line":5,"column":13},"end":{"line":12,"column":null}}},"fnMap":{"0":{"name":"(anonymous_2)","decl":{"start":{"line":6,"column":2},"end":{"line":6,"column":31}},"loc":{"start":{"line":6,"column":53},"end":{"line":6,"column":57}}},"1":{"name":"(anonymous_3)","decl":{"start":{"line":9,"column":2},"end":{"line":9,"column":10}},"loc":{"start":{"line":9,"column":10},"end":{"line":11,"column":3}}}},"branchMap":{"0":{"loc":{"start":{"line":6,"column":43},"end":{"line":6,"column":56}},"type":"cond-expr","locations":[{"start":{"line":6,"column":53},"end":{"line":6,"column":56}},{"start":{"line":6,"column":53},"end":{"line":6,"column":56}}]},"1":{"loc":{"start":{"line":6,"column":43},"end":{"line":6,"column":53}},"type":"binary-expr","locations":[{"start":{"line":6,"column":43},"end":{"line":6,"column":56}},{"start":{"line":6,"column":43},"end":{"line":6,"column":53}}]}},"s":{"0":1,"1":1,"2":1,"3":1,"4":1,"5":1,"6":1,"7":1},"f":{"0":1,"1":1},"b":{"0":[1,0],"1":[1,1]}}
,"C:\\Users\\tom26\\OneDrive\\Documents\\IUT INFO\\2. Cours BUT 3\\dev-avance-tp\\realtime-elo-ranker-master\\apps\\realtime-elo-ranker-server\\src\\app.module.ts": {"path":"C:\\Users\\tom26\\OneDrive\\Documents\\IUT INFO\\2. Cours BUT 3\\dev-avance-tp\\realtime-elo-ranker-master\\apps\\realtime-elo-ranker-server\\src\\app.module.ts","statementMap":{"0":{"start":{"line":1,"column":0},"end":{"line":1,"column":40}},"1":{"start":{"line":2,"column":0},"end":{"line":2,"column":48}},"2":{"start":{"line":3,"column":0},"end":{"line":3,"column":59}},"3":{"start":{"line":4,"column":0},"end":{"line":4,"column":49}},"4":{"start":{"line":5,"column":0},"end":{"line":5,"column":43}},"5":{"start":{"line":6,"column":0},"end":{"line":6,"column":54}},"6":{"start":{"line":7,"column":0},"end":{"line":7,"column":51}},"7":{"start":{"line":8,"column":0},"end":{"line":8,"column":57}},"8":{"start":{"line":27,"column":7},"end":{"line":27,"column":null}},"9":{"start":{"line":27,"column":13},"end":{"line":27,"column":22}},"10":{"start":{"line":27,"column":13},"end":{"line":27,"column":null}}},"fnMap":{},"branchMap":{},"s":{"0":0,"1":0,"2":0,"3":0,"4":0,"5":0,"6":0,"7":0,"8":0,"9":0,"10":0},"f":{},"b":{}}
,"C:\\Users\\tom26\\OneDrive\\Documents\\IUT INFO\\2. Cours BUT 3\\dev-avance-tp\\realtime-elo-ranker-master\\apps\\realtime-elo-ranker-server\\src\\app.service.ts": {"path":"C:\\Users\\tom26\\OneDrive\\Documents\\IUT INFO\\2. Cours BUT 3\\dev-avance-tp\\realtime-elo-ranker-master\\apps\\realtime-elo-ranker-server\\src\\app.service.ts","statementMap":{"0":{"start":{"line":1,"column":0},"end":{"line":1,"column":44}},"1":{"start":{"line":4,"column":7},"end":{"line":8,"column":null}},"2":{"start":{"line":6,"column":4},"end":{"line":6,"column":26}},"3":{"start":{"line":4,"column":13},"end":{"line":4,"column":23}},"4":{"start":{"line":4,"column":13},"end":{"line":8,"column":null}}},"fnMap":{"0":{"name":"(anonymous_1)","decl":{"start":{"line":5,"column":2},"end":{"line":5,"column":10}},"loc":{"start":{"line":5,"column":10},"end":{"line":7,"column":3}}}},"branchMap":{},"s":{"0":1,"1":1,"2":1,"3":1,"4":1},"f":{"0":1},"b":{}}
,"C:\\Users\\tom26\\OneDrive\\Documents\\IUT INFO\\2. Cours BUT 3\\dev-avance-tp\\realtime-elo-ranker-master\\apps\\realtime-elo-ranker-server\\src\\main.ts": {"path":"C:\\Users\\tom26\\OneDrive\\Documents\\IUT INFO\\2. Cours BUT 3\\dev-avance-tp\\realtime-elo-ranker-master\\apps\\realtime-elo-ranker-server\\src\\main.ts","statementMap":{"0":{"start":{"line":1,"column":0},"end":{"line":1,"column":43}},"1":{"start":{"line":2,"column":0},"end":{"line":2,"column":41}},"2":{"start":{"line":3,"column":0},"end":{"line":3,"column":48}},"3":{"start":{"line":4,"column":0},"end":{"line":4,"column":65}},"4":{"start":{"line":7,"column":14},"end":{"line":7,"column":49}},"5":{"start":{"line":9,"column":2},"end":{"line":9,"column":43}},"6":{"start":{"line":10,"column":2},"end":{"line":10,"column":29}},"7":{"start":{"line":12,"column":2},"end":{"line":12,"column":19}},"8":{"start":{"line":14,"column":17},"end":{"line":18,"column":12}},"9":{"start":{"line":19,"column":19},"end":{"line":19,"column":60}},"10":{"start":{"line":20,"column":2},"end":{"line":20,"column":44}},"11":{"start":{"line":22,"column":2},"end":{"line":22,"column":25}},"12":{"start":{"line":24,"column":0},"end":{"line":24,"column":12}}},"fnMap":{"0":{"name":"bootstrap","decl":{"start":{"line":6,"column":15},"end":{"line":6,"column":24}},"loc":{"start":{"line":6,"column":24},"end":{"line":23,"column":1}}}},"branchMap":{},"s":{"0":0,"1":0,"2":0,"3":0,"4":0,"5":0,"6":0,"7":0,"8":0,"9":0,"10":0,"11":0,"12":0},"f":{"0":0},"b":{}}
,"C:\\Users\\tom26\\OneDrive\\Documents\\IUT INFO\\2. Cours BUT 3\\dev-avance-tp\\realtime-elo-ranker-master\\apps\\realtime-elo-ranker-server\\src\\match\\match.controller.ts": {"path":"C:\\Users\\tom26\\OneDrive\\Documents\\IUT INFO\\2. Cours BUT 3\\dev-avance-tp\\realtime-elo-ranker-master\\apps\\realtime-elo-ranker-server\\src\\match\\match.controller.ts","statementMap":{"0":{"start":{"line":1,"column":0},"end":{"line":1,"column":68}},"1":{"start":{"line":2,"column":0},"end":{"line":2,"column":47}},"2":{"start":{"line":3,"column":0},"end":{"line":3,"column":56}},"3":{"start":{"line":6,"column":7},"end":{"line":23,"column":null}},"4":{"start":{"line":7,"column":31},"end":{"line":7,"column":45}},"5":{"start":{"line":11,"column":4},"end":{"line":11,"column":52}},"6":{"start":{"line":16,"column":4},"end":{"line":16,"column":39}},"7":{"start":{"line":21,"column":4},"end":{"line":21,"column":42}},"8":{"start":{"line":6,"column":13},"end":{"line":6,"column":28}},"9":{"start":{"line":10,"column":2},"end":{"line":12,"column":null}},"10":{"start":{"line":15,"column":2},"end":{"line":17,"column":null}},"11":{"start":{"line":20,"column":2},"end":{"line":22,"column":null}},"12":{"start":{"line":6,"column":13},"end":{"line":23,"column":null}}},"fnMap":{"0":{"name":"(anonymous_4)","decl":{"start":{"line":7,"column":2},"end":{"line":7,"column":31}},"loc":{"start":{"line":7,"column":57},"end":{"line":7,"column":61}}},"1":{"name":"(anonymous_5)","decl":{"start":{"line":10,"column":2},"end":{"line":10,"column":8}},"loc":{"start":{"line":10,"column":47},"end":{"line":12,"column":3}}},"2":{"name":"(anonymous_6)","decl":{"start":{"line":15,"column":2},"end":{"line":15,"column":9}},"loc":{"start":{"line":15,"column":9},"end":{"line":17,"column":3}}},"3":{"name":"(anonymous_7)","decl":{"start":{"line":20,"column":2},"end":{"line":20,"column":9}},"loc":{"start":{"line":20,"column":33},"end":{"line":22,"column":3}}}},"branchMap":{"0":{"loc":{"start":{"line":10,"column":33},"end":{"line":10,"column":null}},"type":"cond-expr","locations":[{"start":{"line":10,"column":47},"end":{"line":10,"column":null}},{"start":{"line":10,"column":47},"end":{"line":10,"column":null}}]},"1":{"loc":{"start":{"line":10,"column":33},"end":{"line":10,"column":47}},"type":"binary-expr","locations":[{"start":{"line":10,"column":33},"end":{"line":10,"column":null}},{"start":{"line":10,"column":33},"end":{"line":10,"column":47}}]},"2":{"loc":{"start":{"line":7,"column":45},"end":{"line":7,"column":60}},"type":"cond-expr","locations":[{"start":{"line":7,"column":57},"end":{"line":7,"column":60}},{"start":{"line":7,"column":57},"end":{"line":7,"column":60}}]},"3":{"loc":{"start":{"line":7,"column":45},"end":{"line":7,"column":57}},"type":"binary-expr","locations":[{"start":{"line":7,"column":45},"end":{"line":7,"column":60}},{"start":{"line":7,"column":45},"end":{"line":7,"column":57}}]}},"s":{"0":1,"1":1,"2":1,"3":1,"4":0,"5":0,"6":0,"7":0,"8":1,"9":1,"10":1,"11":1,"12":1},"f":{"0":0,"1":0,"2":0,"3":0},"b":{"0":[1,0],"1":[1,1],"2":[1,0],"3":[1,1]}}
,"C:\\Users\\tom26\\OneDrive\\Documents\\IUT INFO\\2. Cours BUT 3\\dev-avance-tp\\realtime-elo-ranker-master\\apps\\realtime-elo-ranker-server\\src\\match\\match.module.ts": {"path":"C:\\Users\\tom26\\OneDrive\\Documents\\IUT INFO\\2. Cours BUT 3\\dev-avance-tp\\realtime-elo-ranker-master\\apps\\realtime-elo-ranker-server\\src\\match\\match.module.ts","statementMap":{"0":{"start":{"line":1,"column":0},"end":{"line":1,"column":40}},"1":{"start":{"line":2,"column":0},"end":{"line":2,"column":48}},"2":{"start":{"line":3,"column":0},"end":{"line":3,"column":47}},"3":{"start":{"line":4,"column":0},"end":{"line":4,"column":53}},"4":{"start":{"line":5,"column":0},"end":{"line":5,"column":56}},"5":{"start":{"line":6,"column":0},"end":{"line":6,"column":58}},"6":{"start":{"line":7,"column":0},"end":{"line":7,"column":48}},"7":{"start":{"line":14,"column":7},"end":{"line":14,"column":null}},"8":{"start":{"line":14,"column":13},"end":{"line":14,"column":24}},"9":{"start":{"line":14,"column":13},"end":{"line":14,"column":null}}},"fnMap":{},"branchMap":{},"s":{"0":0,"1":0,"2":0,"3":0,"4":0,"5":0,"6":0,"7":0,"8":0,"9":0},"f":{},"b":{}}
,"C:\\Users\\tom26\\OneDrive\\Documents\\IUT INFO\\2. Cours BUT 3\\dev-avance-tp\\realtime-elo-ranker-master\\apps\\realtime-elo-ranker-server\\src\\match\\match.service.ts": {"path":"C:\\Users\\tom26\\OneDrive\\Documents\\IUT INFO\\2. Cours BUT 3\\dev-avance-tp\\realtime-elo-ranker-master\\apps\\realtime-elo-ranker-server\\src\\match\\match.service.ts","statementMap":{"0":{"start":{"line":1,"column":0},"end":{"line":1,"column":63}},"1":{"start":{"line":2,"column":0},"end":{"line":2,"column":51}},"2":{"start":{"line":3,"column":0},"end":{"line":3,"column":37}},"3":{"start":{"line":4,"column":0},"end":{"line":4,"column":54}},"4":{"start":{"line":5,"column":0},"end":{"line":5,"column":57}},"5":{"start":{"line":6,"column":0},"end":{"line":6,"column":48}},"6":{"start":{"line":8,"column":0},"end":{"line":8,"column":60}},"7":{"start":{"line":11,"column":7},"end":{"line":83,"column":null}},"8":{"start":{"line":14,"column":12},"end":{"line":14,"column":29}},"9":{"start":{"line":15,"column":12},"end":{"line":15,"column":27}},"10":{"start":{"line":16,"column":12},"end":{"line":16,"column":28}},"11":{"start":{"line":17,"column":12},"end":{"line":17,"column":26}},"12":{"start":{"line":21,"column":59},"end":{"line":21,"column":73}},"13":{"start":{"line":23,"column":19},"end":{"line":23,"column":63}},"14":{"start":{"line":24,"column":18},"end":{"line":24,"column":61}},"15":{"start":{"line":26,"column":4},"end":{"line":28,"column":5}},"16":{"start":{"line":27,"column":6},"end":{"line":27,"column":56}},"17":{"start":{"line":31,"column":14},"end":{"line":31,"column":16}},"18":{"start":{"line":33,"column":27},"end":{"line":33,"column":81}},"19":{"start":{"line":34,"column":26},"end":{"line":34,"column":80}},"20":{"start":{"line":36,"column":30},"end":{"line":36,"column":44}},"21":{"start":{"line":37,"column":29},"end":{"line":37,"column":43}},"22":{"start":{"line":39,"column":25},"end":{"line":40,"column":null}},"23":{"start":{"line":42,"column":24},"end":{"line":43,"column":null}},"24":{"start":{"line":46,"column":4},"end":{"line":46,"column":64}},"25":{"start":{"line":47,"column":4},"end":{"line":47,"column":62}},"26":{"start":{"line":49,"column":18},"end":{"line":53,"column":6}},"27":{"start":{"line":54,"column":4},"end":{"line":54,"column":43}},"28":{"start":{"line":56,"column":4},"end":{"line":56,"column":47}},"29":{"start":{"line":58,"column":4},"end":{"line":61,"column":7}},"30":{"start":{"line":62,"column":4},"end":{"line":65,"column":7}},"31":{"start":{"line":67,"column":4},"end":{"line":67,"column":17}},"32":{"start":{"line":71,"column":4},"end":{"line":74,"column":7}},"33":{"start":{"line":78,"column":4},"end":{"line":81,"column":7}},"34":{"start":{"line":11,"column":13},"end":{"line":11,"column":25}},"35":{"start":{"line":11,"column":13},"end":{"line":83,"column":null}}},"fnMap":{"0":{"name":"(anonymous_4)","decl":{"start":{"line":12,"column":2},"end":{"line":12,"column":null}},"loc":{"start":{"line":17,"column":39},"end":{"line":18,"column":6}}},"1":{"name":"(anonymous_5)","decl":{"start":{"line":20,"column":2},"end":{"line":20,"column":7}},"loc":{"start":{"line":20,"column":45},"end":{"line":68,"column":3}}},"2":{"name":"(anonymous_6)","decl":{"start":{"line":70,"column":2},"end":{"line":70,"column":9}},"loc":{"start":{"line":70,"column":9},"end":{"line":75,"column":3}}},"3":{"name":"(anonymous_7)","decl":{"start":{"line":77,"column":2},"end":{"line":77,"column":9}},"loc":{"start":{"line":77,"column":20},"end":{"line":82,"column":3}}}},"branchMap":{"0":{"loc":{"start":{"line":26,"column":4},"end":{"line":28,"column":5}},"type":"if","locations":[{"start":{"line":26,"column":4},"end":{"line":28,"column":5}},{"start":{},"end":{}}]},"1":{"loc":{"start":{"line":26,"column":8},"end":{"line":26,"column":25}},"type":"binary-expr","locations":[{"start":{"line":26,"column":8},"end":{"line":26,"column":15}},{"start":{"line":26,"column":19},"end":{"line":26,"column":25}}]},"2":{"loc":{"start":{"line":36,"column":30},"end":{"line":36,"column":44}},"type":"cond-expr","locations":[{"start":{"line":36,"column":37},"end":{"line":36,"column":40}},{"start":{"line":36,"column":43},"end":{"line":36,"column":44}}]},"3":{"loc":{"start":{"line":37,"column":29},"end":{"line":37,"column":43}},"type":"cond-expr","locations":[{"start":{"line":37,"column":36},"end":{"line":37,"column":39}},{"start":{"line":37,"column":42},"end":{"line":37,"column":43}}]},"4":{"loc":{"start":{"line":14,"column":29},"end":{"line":14,"column":46}},"type":"cond-expr","locations":[{"start":{"line":14,"column":39},"end":{"line":14,"column":46}},{"start":{"line":14,"column":39},"end":{"line":14,"column":46}}]},"5":{"loc":{"start":{"line":14,"column":29},"end":{"line":14,"column":39}},"type":"binary-expr","locations":[{"start":{"line":14,"column":29},"end":{"line":14,"column":46}},{"start":{"line":14,"column":29},"end":{"line":14,"column":39}}]},"6":{"loc":{"start":{"line":14,"column":39},"end":{"line":15,"column":null}},"type":"cond-expr","locations":[{"start":{"line":15,"column":40},"end":{"line":15,"column":null}},{"start":{"line":15,"column":40},"end":{"line":15,"column":null}}]},"7":{"loc":{"start":{"line":14,"column":39},"end":{"line":15,"column":40}},"type":"binary-expr","locations":[{"start":{"line":14,"column":39},"end":{"line":15,"column":null}},{"start":{"line":15,"column":27},"end":{"line":15,"column":40}}]},"8":{"loc":{"start":{"line":15,"column":40},"end":{"line":16,"column":null}},"type":"cond-expr","locations":[{"start":{"line":16,"column":42},"end":{"line":16,"column":null}},{"start":{"line":16,"column":42},"end":{"line":16,"column":null}}]},"9":{"loc":{"start":{"line":15,"column":40},"end":{"line":16,"column":42}},"type":"binary-expr","locations":[{"start":{"line":15,"column":40},"end":{"line":16,"column":null}},{"start":{"line":16,"column":28},"end":{"line":16,"column":42}}]},"10":{"loc":{"start":{"line":16,"column":42},"end":{"line":17,"column":null}},"type":"cond-expr","locations":[{"start":{"line":17,"column":39},"end":{"line":17,"column":null}},{"start":{"line":17,"column":39},"end":{"line":17,"column":null}}]},"11":{"loc":{"start":{"line":16,"column":42},"end":{"line":17,"column":39}},"type":"binary-expr","locations":[{"start":{"line":16,"column":42},"end":{"line":17,"column":null}},{"start":{"line":17,"column":26},"end":{"line":17,"column":39}}]}},"s":{"0":2,"1":2,"2":2,"3":2,"4":2,"5":2,"6":2,"7":2,"8":1,"9":1,"10":1,"11":1,"12":1,"13":1,"14":1,"15":1,"16":0,"17":1,"18":1,"19":1,"20":1,"21":1,"22":1,"23":1,"24":1,"25":1,"26":1,"27":1,"28":1,"29":1,"30":1,"31":1,"32":0,"33":0,"34":2,"35":2},"f":{"0":1,"1":1,"2":0,"3":0},"b":{"0":[0,1],"1":[1,1],"2":[0,1],"3":[0,1],"4":[2,0],"5":[2,2],"6":[2,0],"7":[2,2],"8":[2,0],"9":[2,2],"10":[2,0],"11":[2,2]}}
,"C:\\Users\\tom26\\OneDrive\\Documents\\IUT INFO\\2. Cours BUT 3\\dev-avance-tp\\realtime-elo-ranker-master\\apps\\realtime-elo-ranker-server\\src\\match\\dto\\create-match.dto.ts": {"path":"C:\\Users\\tom26\\OneDrive\\Documents\\IUT INFO\\2. Cours BUT 3\\dev-avance-tp\\realtime-elo-ranker-master\\apps\\realtime-elo-ranker-server\\src\\match\\dto\\create-match.dto.ts","statementMap":{"0":{"start":{"line":1,"column":0},"end":{"line":1,"column":66}},"1":{"start":{"line":2,"column":0},"end":{"line":2,"column":46}},"2":{"start":{"line":4,"column":0},"end":{"line":4,"column":13}},"3":{"start":{"line":7,"column":2},"end":{"line":7,"column":null}},"4":{"start":{"line":11,"column":2},"end":{"line":11,"column":null}},"5":{"start":{"line":16,"column":2},"end":{"line":16,"column":null}}},"fnMap":{},"branchMap":{},"s":{"0":1,"1":1,"2":1,"3":1,"4":1,"5":1},"f":{},"b":{}}
,"C:\\Users\\tom26\\OneDrive\\Documents\\IUT INFO\\2. Cours BUT 3\\dev-avance-tp\\realtime-elo-ranker-master\\apps\\realtime-elo-ranker-server\\src\\match\\dto\\update-match.dto.ts": {"path":"C:\\Users\\tom26\\OneDrive\\Documents\\IUT INFO\\2. Cours BUT 3\\dev-avance-tp\\realtime-elo-ranker-master\\apps\\realtime-elo-ranker-server\\src\\match\\dto\\update-match.dto.ts","statementMap":{"0":{"start":{"line":1,"column":0},"end":{"line":1,"column":51}},"1":{"start":{"line":2,"column":0},"end":{"line":2,"column":52}},"2":{"start":{"line":4,"column":0},"end":{"line":4,"column":13}}},"fnMap":{},"branchMap":{},"s":{"0":0,"1":0,"2":0},"f":{},"b":{}}
,"C:\\Users\\tom26\\OneDrive\\Documents\\IUT INFO\\2. Cours BUT 3\\dev-avance-tp\\realtime-elo-ranker-master\\apps\\realtime-elo-ranker-server\\src\\match\\entities\\match.entity.ts": {"path":"C:\\Users\\tom26\\OneDrive\\Documents\\IUT INFO\\2. Cours BUT 3\\dev-avance-tp\\realtime-elo-ranker-master\\apps\\realtime-elo-ranker-server\\src\\match\\entities\\match.entity.ts","statementMap":{"0":{"start":{"line":1,"column":0},"end":{"line":1,"column":86}},"1":{"start":{"line":2,"column":0},"end":{"line":2,"column":61}},"2":{"start":{"line":5,"column":7},"end":{"line":17,"column":null}},"3":{"start":{"line":5,"column":13},"end":{"line":5,"column":18}},"4":{"start":{"line":7,"column":2},"end":{"line":7,"column":null}},"5":{"start":{"line":10,"column":2},"end":{"line":10,"column":null}},"6":{"start":{"line":13,"column":2},"end":{"line":13,"column":null}},"7":{"start":{"line":12,"column":19},"end":{"line":12,"column":25}},"8":{"start":{"line":16,"column":2},"end":{"line":16,"column":null}},"9":{"start":{"line":15,"column":19},"end":{"line":15,"column":25}},"10":{"start":{"line":5,"column":13},"end":{"line":17,"column":null}}},"fnMap":{"0":{"name":"(anonymous_2)","decl":{"start":{"line":12,"column":13},"end":{"line":12,"column":16}},"loc":{"start":{"line":12,"column":19},"end":{"line":12,"column":25}}},"1":{"name":"(anonymous_3)","decl":{"start":{"line":15,"column":13},"end":{"line":15,"column":16}},"loc":{"start":{"line":15,"column":19},"end":{"line":15,"column":25}}}},"branchMap":{"0":{"loc":{"start":{"line":10,"column":13},"end":{"line":10,"column":18}},"type":"cond-expr","locations":[{"start":{"line":10,"column":17},"end":{"line":10,"column":18}},{"start":{"line":10,"column":17},"end":{"line":10,"column":18}}]},"1":{"loc":{"start":{"line":10,"column":13},"end":{"line":10,"column":17}},"type":"binary-expr","locations":[{"start":{"line":10,"column":13},"end":{"line":10,"column":18}},{"start":{"line":10,"column":13},"end":{"line":10,"column":17}}]},"2":{"loc":{"start":{"line":13,"column":10},"end":{"line":13,"column":17}},"type":"cond-expr","locations":[{"start":{"line":13,"column":16},"end":{"line":13,"column":17}},{"start":{"line":13,"column":16},"end":{"line":13,"column":17}}]},"3":{"loc":{"start":{"line":13,"column":10},"end":{"line":13,"column":16}},"type":"binary-expr","locations":[{"start":{"line":13,"column":10},"end":{"line":13,"column":17}},{"start":{"line":13,"column":10},"end":{"line":13,"column":16}}]},"4":{"loc":{"start":{"line":16,"column":9},"end":{"line":16,"column":16}},"type":"cond-expr","locations":[{"start":{"line":16,"column":15},"end":{"line":16,"column":16}},{"start":{"line":16,"column":15},"end":{"line":16,"column":16}}]},"5":{"loc":{"start":{"line":16,"column":9},"end":{"line":16,"column":15}},"type":"binary-expr","locations":[{"start":{"line":16,"column":9},"end":{"line":16,"column":16}},{"start":{"line":16,"column":9},"end":{"line":16,"column":15}}]}},"s":{"0":2,"1":2,"2":2,"3":2,"4":2,"5":2,"6":2,"7":0,"8":2,"9":0,"10":2},"f":{"0":0,"1":0},"b":{"0":[2,0],"1":[2,2],"2":[2,0],"3":[2,2],"4":[2,0],"5":[2,2]}}
,"C:\\Users\\tom26\\OneDrive\\Documents\\IUT INFO\\2. Cours BUT 3\\dev-avance-tp\\realtime-elo-ranker-master\\apps\\realtime-elo-ranker-server\\src\\player\\player.controller.ts": {"path":"C:\\Users\\tom26\\OneDrive\\Documents\\IUT INFO\\2. Cours BUT 3\\dev-avance-tp\\realtime-elo-ranker-master\\apps\\realtime-elo-ranker-server\\src\\player\\player.controller.ts","statementMap":{"0":{"start":{"line":1,"column":0},"end":{"line":1,"column":68}},"1":{"start":{"line":2,"column":0},"end":{"line":2,"column":49}},"2":{"start":{"line":3,"column":0},"end":{"line":3,"column":58}},"3":{"start":{"line":6,"column":7},"end":{"line":23,"column":null}},"4":{"start":{"line":7,"column":31},"end":{"line":7,"column":46}},"5":{"start":{"line":11,"column":4},"end":{"line":11,"column":54}},"6":{"start":{"line":16,"column":4},"end":{"line":16,"column":40}},"7":{"start":{"line":21,"column":4},"end":{"line":21,"column":42}},"8":{"start":{"line":6,"column":13},"end":{"line":6,"column":29}},"9":{"start":{"line":10,"column":2},"end":{"line":12,"column":null}},"10":{"start":{"line":15,"column":2},"end":{"line":17,"column":null}},"11":{"start":{"line":20,"column":2},"end":{"line":22,"column":null}},"12":{"start":{"line":6,"column":13},"end":{"line":23,"column":null}}},"fnMap":{"0":{"name":"(anonymous_4)","decl":{"start":{"line":7,"column":2},"end":{"line":7,"column":31}},"loc":{"start":{"line":7,"column":59},"end":{"line":7,"column":63}}},"1":{"name":"(anonymous_5)","decl":{"start":{"line":10,"column":2},"end":{"line":10,"column":8}},"loc":{"start":{"line":10,"column":49},"end":{"line":12,"column":3}}},"2":{"name":"(anonymous_6)","decl":{"start":{"line":15,"column":2},"end":{"line":15,"column":9}},"loc":{"start":{"line":15,"column":9},"end":{"line":17,"column":3}}},"3":{"name":"(anonymous_7)","decl":{"start":{"line":20,"column":2},"end":{"line":20,"column":9}},"loc":{"start":{"line":20,"column":33},"end":{"line":22,"column":3}}}},"branchMap":{"0":{"loc":{"start":{"line":10,"column":34},"end":{"line":10,"column":null}},"type":"cond-expr","locations":[{"start":{"line":10,"column":49},"end":{"line":10,"column":null}},{"start":{"line":10,"column":49},"end":{"line":10,"column":null}}]},"1":{"loc":{"start":{"line":10,"column":34},"end":{"line":10,"column":49}},"type":"binary-expr","locations":[{"start":{"line":10,"column":34},"end":{"line":10,"column":null}},{"start":{"line":10,"column":34},"end":{"line":10,"column":49}}]},"2":{"loc":{"start":{"line":7,"column":46},"end":{"line":7,"column":62}},"type":"cond-expr","locations":[{"start":{"line":7,"column":59},"end":{"line":7,"column":62}},{"start":{"line":7,"column":59},"end":{"line":7,"column":62}}]},"3":{"loc":{"start":{"line":7,"column":46},"end":{"line":7,"column":59}},"type":"binary-expr","locations":[{"start":{"line":7,"column":46},"end":{"line":7,"column":62}},{"start":{"line":7,"column":46},"end":{"line":7,"column":59}}]}},"s":{"0":1,"1":1,"2":1,"3":1,"4":0,"5":0,"6":0,"7":0,"8":1,"9":1,"10":1,"11":1,"12":1},"f":{"0":0,"1":0,"2":0,"3":0},"b":{"0":[1,0],"1":[1,1],"2":[1,0],"3":[1,1]}}
,"C:\\Users\\tom26\\OneDrive\\Documents\\IUT INFO\\2. Cours BUT 3\\dev-avance-tp\\realtime-elo-ranker-master\\apps\\realtime-elo-ranker-server\\src\\player\\player.module.ts": {"path":"C:\\Users\\tom26\\OneDrive\\Documents\\IUT INFO\\2. Cours BUT 3\\dev-avance-tp\\realtime-elo-ranker-master\\apps\\realtime-elo-ranker-server\\src\\player\\player.module.ts","statementMap":{"0":{"start":{"line":1,"column":0},"end":{"line":1,"column":40}},"1":{"start":{"line":2,"column":0},"end":{"line":2,"column":48}},"2":{"start":{"line":3,"column":0},"end":{"line":3,"column":49}},"3":{"start":{"line":4,"column":0},"end":{"line":4,"column":55}},"4":{"start":{"line":5,"column":0},"end":{"line":5,"column":50}},"5":{"start":{"line":13,"column":7},"end":{"line":13,"column":null}},"6":{"start":{"line":13,"column":13},"end":{"line":13,"column":25}},"7":{"start":{"line":13,"column":13},"end":{"line":13,"column":null}}},"fnMap":{},"branchMap":{},"s":{"0":0,"1":0,"2":0,"3":0,"4":0,"5":0,"6":0,"7":0},"f":{},"b":{}}
,"C:\\Users\\tom26\\OneDrive\\Documents\\IUT INFO\\2. Cours BUT 3\\dev-avance-tp\\realtime-elo-ranker-master\\apps\\realtime-elo-ranker-server\\src\\player\\player.service.ts": {"path":"C:\\Users\\tom26\\OneDrive\\Documents\\IUT INFO\\2. Cours BUT 3\\dev-avance-tp\\realtime-elo-ranker-master\\apps\\realtime-elo-ranker-server\\src\\player\\player.service.ts","statementMap":{"0":{"start":{"line":1,"column":0},"end":{"line":1,"column":44}},"1":{"start":{"line":2,"column":0},"end":{"line":2,"column":51}},"2":{"start":{"line":3,"column":0},"end":{"line":3,"column":37}},"3":{"start":{"line":4,"column":0},"end":{"line":4,"column":54}},"4":{"start":{"line":5,"column":0},"end":{"line":5,"column":50}},"5":{"start":{"line":9,"column":7},"end":{"line":39,"column":null}},"6":{"start":{"line":12,"column":12},"end":{"line":12,"column":30}},"7":{"start":{"line":13,"column":12},"end":{"line":13,"column":26}},"8":{"start":{"line":17,"column":19},"end":{"line":19,"column":6}},"9":{"start":{"line":21,"column":24},"end":{"line":21,"column":64}},"10":{"start":{"line":22,"column":4},"end":{"line":22,"column":58}},"11":{"start":{"line":24,"column":4},"end":{"line":24,"column":23}},"12":{"start":{"line":28,"column":4},"end":{"line":28,"column":66}},"13":{"start":{"line":32,"column":4},"end":{"line":32,"column":51}},"14":{"start":{"line":36,"column":4},"end":{"line":36,"column":60}},"15":{"start":{"line":37,"column":4},"end":{"line":37,"column":28}},"16":{"start":{"line":9,"column":13},"end":{"line":9,"column":26}},"17":{"start":{"line":9,"column":13},"end":{"line":39,"column":null}}},"fnMap":{"0":{"name":"(anonymous_4)","decl":{"start":{"line":10,"column":2},"end":{"line":10,"column":null}},"loc":{"start":{"line":13,"column":39},"end":{"line":14,"column":6}}},"1":{"name":"(anonymous_5)","decl":{"start":{"line":16,"column":2},"end":{"line":16,"column":7}},"loc":{"start":{"line":16,"column":47},"end":{"line":25,"column":3}}},"2":{"name":"(anonymous_6)","decl":{"start":{"line":27,"column":2},"end":{"line":27,"column":9}},"loc":{"start":{"line":27,"column":9},"end":{"line":29,"column":3}}},"3":{"name":"(anonymous_7)","decl":{"start":{"line":31,"column":2},"end":{"line":31,"column":9}},"loc":{"start":{"line":31,"column":20},"end":{"line":33,"column":3}}},"4":{"name":"(anonymous_8)","decl":{"start":{"line":35,"column":2},"end":{"line":35,"column":7}},"loc":{"start":{"line":35,"column":44},"end":{"line":38,"column":3}}}},"branchMap":{"0":{"loc":{"start":{"line":12,"column":30},"end":{"line":12,"column":48}},"type":"cond-expr","locations":[{"start":{"line":12,"column":40},"end":{"line":12,"column":48}},{"start":{"line":12,"column":40},"end":{"line":12,"column":48}}]},"1":{"loc":{"start":{"line":12,"column":30},"end":{"line":12,"column":40}},"type":"binary-expr","locations":[{"start":{"line":12,"column":30},"end":{"line":12,"column":48}},{"start":{"line":12,"column":30},"end":{"line":12,"column":40}}]},"2":{"loc":{"start":{"line":12,"column":40},"end":{"line":13,"column":null}},"type":"cond-expr","locations":[{"start":{"line":13,"column":39},"end":{"line":13,"column":null}},{"start":{"line":13,"column":39},"end":{"line":13,"column":null}}]},"3":{"loc":{"start":{"line":12,"column":40},"end":{"line":13,"column":39}},"type":"binary-expr","locations":[{"start":{"line":12,"column":40},"end":{"line":13,"column":null}},{"start":{"line":13,"column":26},"end":{"line":13,"column":39}}]}},"s":{"0":6,"1":6,"2":6,"3":6,"4":6,"5":6,"6":1,"7":1,"8":1,"9":1,"10":1,"11":1,"12":0,"13":0,"14":0,"15":0,"16":6,"17":6},"f":{"0":1,"1":1,"2":0,"3":0,"4":0},"b":{"0":[6,0],"1":[6,6],"2":[6,0],"3":[6,6]}}
,"C:\\Users\\tom26\\OneDrive\\Documents\\IUT INFO\\2. Cours BUT 3\\dev-avance-tp\\realtime-elo-ranker-master\\apps\\realtime-elo-ranker-server\\src\\player\\dto\\create-player.dto.ts": {"path":"C:\\Users\\tom26\\OneDrive\\Documents\\IUT INFO\\2. Cours BUT 3\\dev-avance-tp\\realtime-elo-ranker-master\\apps\\realtime-elo-ranker-server\\src\\player\\dto\\create-player.dto.ts","statementMap":{"0":{"start":{"line":1,"column":0},"end":{"line":1,"column":55}},"1":{"start":{"line":2,"column":0},"end":{"line":2,"column":46}},"2":{"start":{"line":4,"column":0},"end":{"line":4,"column":13}},"3":{"start":{"line":8,"column":2},"end":{"line":8,"column":null}}},"fnMap":{},"branchMap":{},"s":{"0":1,"1":1,"2":1,"3":1},"f":{},"b":{}}
,"C:\\Users\\tom26\\OneDrive\\Documents\\IUT INFO\\2. Cours BUT 3\\dev-avance-tp\\realtime-elo-ranker-master\\apps\\realtime-elo-ranker-server\\src\\player\\dto\\update-player.dto.ts": {"path":"C:\\Users\\tom26\\OneDrive\\Documents\\IUT INFO\\2. Cours BUT 3\\dev-avance-tp\\realtime-elo-ranker-master\\apps\\realtime-elo-ranker-server\\src\\player\\dto\\update-player.dto.ts","statementMap":{"0":{"start":{"line":1,"column":0},"end":{"line":1,"column":51}},"1":{"start":{"line":2,"column":0},"end":{"line":2,"column":54}},"2":{"start":{"line":4,"column":0},"end":{"line":4,"column":13}}},"fnMap":{},"branchMap":{},"s":{"0":0,"1":0,"2":0},"f":{},"b":{}}
,"C:\\Users\\tom26\\OneDrive\\Documents\\IUT INFO\\2. Cours BUT 3\\dev-avance-tp\\realtime-elo-ranker-master\\apps\\realtime-elo-ranker-server\\src\\player\\entities\\player.entity.ts": {"path":"C:\\Users\\tom26\\OneDrive\\Documents\\IUT INFO\\2. Cours BUT 3\\dev-avance-tp\\realtime-elo-ranker-master\\apps\\realtime-elo-ranker-server\\src\\player\\entities\\player.entity.ts","statementMap":{"0":{"start":{"line":1,"column":0},"end":{"line":1,"column":56}},"1":{"start":{"line":4,"column":7},"end":{"line":9,"column":null}},"2":{"start":{"line":4,"column":13},"end":{"line":4,"column":19}},"3":{"start":{"line":6,"column":2},"end":{"line":6,"column":null}},"4":{"start":{"line":8,"column":2},"end":{"line":8,"column":null}},"5":{"start":{"line":4,"column":13},"end":{"line":9,"column":null}}},"fnMap":{},"branchMap":{},"s":{"0":6,"1":6,"2":6,"3":6,"4":6,"5":6},"f":{},"b":{}}
,"C:\\Users\\tom26\\OneDrive\\Documents\\IUT INFO\\2. Cours BUT 3\\dev-avance-tp\\realtime-elo-ranker-master\\apps\\realtime-elo-ranker-server\\src\\ranking\\ranking.controller.ts": {"path":"C:\\Users\\tom26\\OneDrive\\Documents\\IUT INFO\\2. Cours BUT 3\\dev-avance-tp\\realtime-elo-ranker-master\\apps\\realtime-elo-ranker-server\\src\\ranking\\ranking.controller.ts","statementMap":{"0":{"start":{"line":1,"column":0},"end":{"line":1,"column":68}},"1":{"start":{"line":2,"column":0},"end":{"line":2,"column":51}},"2":{"start":{"line":3,"column":0},"end":{"line":3,"column":54}},"3":{"start":{"line":4,"column":0},"end":{"line":4,"column":50}},"4":{"start":{"line":5,"column":0},"end":{"line":5,"column":56}},"5":{"start":{"line":9,"column":7},"end":{"line":38,"column":null}},"6":{"start":{"line":11,"column":21},"end":{"line":11,"column":37}},"7":{"start":{"line":12,"column":21},"end":{"line":12,"column":35}},"8":{"start":{"line":18,"column":4},"end":{"line":21,"column":8}},"9":{"start":{"line":18,"column":56},"end":{"line":21,"column":6}},"10":{"start":{"line":27,"column":4},"end":{"line":36,"column":6}},"11":{"start":{"line":29,"column":8},"end":{"line":34,"column":26}},"12":{"start":{"line":9,"column":13},"end":{"line":9,"column":30}},"13":{"start":{"line":17,"column":2},"end":{"line":22,"column":null}},"14":{"start":{"line":26,"column":2},"end":{"line":37,"column":null}},"15":{"start":{"line":9,"column":13},"end":{"line":38,"column":null}}},"fnMap":{"0":{"name":"(anonymous_2)","decl":{"start":{"line":10,"column":2},"end":{"line":10,"column":null}},"loc":{"start":{"line":12,"column":48},"end":{"line":13,"column":6}}},"1":{"name":"(anonymous_3)","decl":{"start":{"line":17,"column":2},"end":{"line":17,"column":12}},"loc":{"start":{"line":17,"column":12},"end":{"line":22,"column":3}}},"2":{"name":"(anonymous_4)","decl":{"start":{"line":18,"column":48},"end":{"line":18,"column":49}},"loc":{"start":{"line":18,"column":56},"end":{"line":21,"column":6}}},"3":{"name":"(anonymous_5)","decl":{"start":{"line":26,"column":2},"end":{"line":26,"column":5}},"loc":{"start":{"line":26,"column":5},"end":{"line":37,"column":3}}},"4":{"name":"(anonymous_6)","decl":{"start":{"line":28,"column":10},"end":{"line":28,"column":11}},"loc":{"start":{"line":28,"column":26},"end":{"line":35,"column":7}}}},"branchMap":{"0":{"loc":{"start":{"line":26,"column":9},"end":{"line":26,"column":null}},"type":"cond-expr","locations":[{"start":{"line":26,"column":19},"end":{"line":26,"column":null}},{"start":{"line":26,"column":19},"end":{"line":26,"column":null}}]},"1":{"loc":{"start":{"line":26,"column":9},"end":{"line":26,"column":19}},"type":"binary-expr","locations":[{"start":{"line":26,"column":9},"end":{"line":26,"column":null}},{"start":{"line":26,"column":9},"end":{"line":26,"column":19}}]},"2":{"loc":{"start":{"line":11,"column":37},"end":{"line":11,"column":null}},"type":"cond-expr","locations":[{"start":{"line":11,"column":51},"end":{"line":11,"column":null}},{"start":{"line":11,"column":51},"end":{"line":11,"column":null}}]},"3":{"loc":{"start":{"line":11,"column":37},"end":{"line":11,"column":51}},"type":"binary-expr","locations":[{"start":{"line":11,"column":37},"end":{"line":11,"column":null}},{"start":{"line":11,"column":37},"end":{"line":11,"column":51}}]},"4":{"loc":{"start":{"line":11,"column":51},"end":{"line":12,"column":null}},"type":"cond-expr","locations":[{"start":{"line":12,"column":48},"end":{"line":12,"column":null}},{"start":{"line":12,"column":48},"end":{"line":12,"column":null}}]},"5":{"loc":{"start":{"line":11,"column":51},"end":{"line":12,"column":48}},"type":"binary-expr","locations":[{"start":{"line":11,"column":51},"end":{"line":12,"column":null}},{"start":{"line":12,"column":35},"end":{"line":12,"column":48}}]}},"s":{"0":2,"1":2,"2":2,"3":2,"4":2,"5":2,"6":1,"7":1,"8":1,"9":1,"10":0,"11":0,"12":2,"13":2,"14":2,"15":2},"f":{"0":1,"1":1,"2":1,"3":0,"4":0},"b":{"0":[2,0],"1":[2,2],"2":[2,0],"3":[2,2],"4":[2,0],"5":[2,2]}}
,"C:\\Users\\tom26\\OneDrive\\Documents\\IUT INFO\\2. Cours BUT 3\\dev-avance-tp\\realtime-elo-ranker-master\\apps\\realtime-elo-ranker-server\\src\\ranking\\ranking.module.ts": {"path":"C:\\Users\\tom26\\OneDrive\\Documents\\IUT INFO\\2. Cours BUT 3\\dev-avance-tp\\realtime-elo-ranker-master\\apps\\realtime-elo-ranker-server\\src\\ranking\\ranking.module.ts","statementMap":{"0":{"start":{"line":1,"column":0},"end":{"line":1,"column":40}},"1":{"start":{"line":2,"column":0},"end":{"line":2,"column":51}},"2":{"start":{"line":3,"column":0},"end":{"line":3,"column":57}},"3":{"start":{"line":4,"column":0},"end":{"line":4,"column":55}},"4":{"start":{"line":12,"column":7},"end":{"line":12,"column":null}},"5":{"start":{"line":12,"column":13},"end":{"line":12,"column":26}},"6":{"start":{"line":12,"column":13},"end":{"line":12,"column":null}}},"fnMap":{},"branchMap":{},"s":{"0":0,"1":0,"2":0,"3":0,"4":0,"5":0,"6":0},"f":{},"b":{}}
,"C:\\Users\\tom26\\OneDrive\\Documents\\IUT INFO\\2. Cours BUT 3\\dev-avance-tp\\realtime-elo-ranker-master\\apps\\realtime-elo-ranker-server\\src\\ranking\\ranking.service.ts": {"path":"C:\\Users\\tom26\\OneDrive\\Documents\\IUT INFO\\2. Cours BUT 3\\dev-avance-tp\\realtime-elo-ranker-master\\apps\\realtime-elo-ranker-server\\src\\ranking\\ranking.service.ts","statementMap":{"0":{"start":{"line":1,"column":0},"end":{"line":1,"column":58}},"1":{"start":{"line":2,"column":0},"end":{"line":2,"column":63}},"2":{"start":{"line":3,"column":0},"end":{"line":3,"column":57}},"3":{"start":{"line":4,"column":0},"end":{"line":4,"column":58}},"4":{"start":{"line":7,"column":7},"end":{"line":36,"column":null}},"5":{"start":{"line":8,"column":30},"end":{"line":8,"column":32}},"6":{"start":{"line":11,"column":21},"end":{"line":11,"column":36}},"7":{"start":{"line":12,"column":21},"end":{"line":12,"column":35}},"8":{"start":{"line":16,"column":4},"end":{"line":16,"column":32}},"9":{"start":{"line":20,"column":4},"end":{"line":20,"column":54}},"10":{"start":{"line":21,"column":4},"end":{"line":21,"column":47}},"11":{"start":{"line":21,"column":32},"end":{"line":21,"column":45}},"12":{"start":{"line":25,"column":4},"end":{"line":25,"column":24}},"13":{"start":{"line":30,"column":4},"end":{"line":30,"column":32}},"14":{"start":{"line":31,"column":4},"end":{"line":34,"column":7}},"15":{"start":{"line":7,"column":13},"end":{"line":7,"column":27}},"16":{"start":{"line":29,"column":8},"end":{"line":35,"column":null}},"17":{"start":{"line":7,"column":13},"end":{"line":36,"column":null}}},"fnMap":{"0":{"name":"(anonymous_2)","decl":{"start":{"line":10,"column":2},"end":{"line":10,"column":null}},"loc":{"start":{"line":12,"column":48},"end":{"line":13,"column":6}}},"1":{"name":"(anonymous_3)","decl":{"start":{"line":15,"column":2},"end":{"line":15,"column":7}},"loc":{"start":{"line":15,"column":20},"end":{"line":17,"column":3}}},"2":{"name":"(anonymous_4)","decl":{"start":{"line":19,"column":2},"end":{"line":19,"column":7}},"loc":{"start":{"line":19,"column":22},"end":{"line":22,"column":3}}},"3":{"name":"(anonymous_5)","decl":{"start":{"line":21,"column":22},"end":{"line":21,"column":23}},"loc":{"start":{"line":21,"column":32},"end":{"line":21,"column":45}}},"4":{"name":"(anonymous_6)","decl":{"start":{"line":24,"column":2},"end":{"line":24,"column":12}},"loc":{"start":{"line":24,"column":12},"end":{"line":26,"column":3}}},"5":{"name":"(anonymous_7)","decl":{"start":{"line":29,"column":8},"end":{"line":29,"column":27}},"loc":{"start":{"line":29,"column":42},"end":{"line":35,"column":3}}}},"branchMap":{"0":{"loc":{"start":{"line":29,"column":36},"end":{"line":29,"column":null}},"type":"cond-expr","locations":[{"start":{"line":29,"column":42},"end":{"line":29,"column":null}},{"start":{"line":29,"column":42},"end":{"line":29,"column":null}}]},"1":{"loc":{"start":{"line":29,"column":36},"end":{"line":29,"column":42}},"type":"binary-expr","locations":[{"start":{"line":29,"column":36},"end":{"line":29,"column":null}},{"start":{"line":29,"column":36},"end":{"line":29,"column":42}}]},"2":{"loc":{"start":{"line":11,"column":36},"end":{"line":11,"column":null}},"type":"cond-expr","locations":[{"start":{"line":11,"column":49},"end":{"line":11,"column":null}},{"start":{"line":11,"column":49},"end":{"line":11,"column":null}}]},"3":{"loc":{"start":{"line":11,"column":36},"end":{"line":11,"column":49}},"type":"binary-expr","locations":[{"start":{"line":11,"column":36},"end":{"line":11,"column":null}},{"start":{"line":11,"column":36},"end":{"line":11,"column":49}}]},"4":{"loc":{"start":{"line":11,"column":49},"end":{"line":12,"column":null}},"type":"cond-expr","locations":[{"start":{"line":12,"column":48},"end":{"line":12,"column":null}},{"start":{"line":12,"column":48},"end":{"line":12,"column":null}}]},"5":{"loc":{"start":{"line":11,"column":49},"end":{"line":12,"column":48}},"type":"binary-expr","locations":[{"start":{"line":11,"column":49},"end":{"line":12,"column":null}},{"start":{"line":12,"column":35},"end":{"line":12,"column":48}}]}},"s":{"0":4,"1":4,"2":4,"3":4,"4":4,"5":0,"6":0,"7":0,"8":0,"9":0,"10":0,"11":0,"12":0,"13":0,"14":0,"15":4,"16":4,"17":4},"f":{"0":0,"1":0,"2":0,"3":0,"4":0,"5":0},"b":{"0":[4,0],"1":[4,4],"2":[4,0],"3":[4,4],"4":[4,0],"5":[4,4]}}
}
